生成启动时间为 2017/11/2 17:34:11。
     1>项目“D:\Documents\Visual Studio 2010\Projects\bestline_v2\bestline_v2\bestline_v2.vcxproj”在节点 2 上(build 个目标)。
     1>InitializeBuildStatus:
         正在创建“x64\Debug\bestline_v2.unsuccessfulbuild”，因为已指定“AlwaysCreate”。
       ClCompile:
         d:\程序\anzhuang\VC\bin\x86_amd64\CL.exe /c /Zi /nologo /W3 /WX- /Od /D _MBCS /Gm /EHsc /RTC1 /MDd /GS /fp:precise /Zc:wchar_t /Zc:forScope /Fo"x64\Debug\\" /Fd"x64\Debug\vc100.pdb" /Gd /TP /errorReport:prompt match.cpp
         match.cpp
     1>e:\rxd\programs\opencv\build\include\opencv2\flann\logger.h(66): warning C4996: 'fopen': This function or variable may be unsafe. Consider using fopen_s instead. To disable deprecation, use _CRT_SECURE_NO_WARNINGS. See online help for details.
                 d:\程序\anzhuang\VC\include\stdio.h(234) : 参见“fopen”的声明
     1>match.cpp(17): warning C4244: “初始化”: 从“int64”转换到“double”，可能丢失数据
     1>match.cpp(134): warning C4244: “初始化”: 从“int”转换到“float”，可能丢失数据
       Link:
         d:\程序\anzhuang\VC\bin\x86_amd64\link.exe /ERRORREPORT:PROMPT /OUT:"D:\Documents\Visual Studio 2010\Projects\bestline_v2\x64\Debug\bestline_v2.exe" /NOLOGO opencv_calib3d249d.lib opencv_contrib249d.lib opencv_core249d.lib opencv_features2d249d.lib opencv_flann249d.lib opencv_gpu249d.lib opencv_highgui249d.lib opencv_imgproc249d.lib opencv_legacy249d.lib opencv_ml249d.lib opencv_nonfree249d.lib opencv_objdetect249d.lib opencv_ocl249d.lib opencv_photo249d.lib opencv_stitching249d.lib opencv_superres249d.lib opencv_ts249d.lib opencv_video249d.lib opencv_videostab249d.lib kernel32.lib user32.lib gdi32.lib winspool.lib comdlg32.lib advapi32.lib shell32.lib ole32.lib oleaut32.lib uuid.lib odbc32.lib odbccp32.lib /MANIFEST /ManifestFile:"x64\Debug\bestline_v2.exe.intermediate.manifest" /MANIFESTUAC:"level='asInvoker' uiAccess='false'" /DEBUG /PDB:"D:\Documents\Visual Studio 2010\Projects\bestline_v2\x64\Debug\bestline_v2.pdb" /TLBID:1 /DYNAMICBASE /NXCOMPAT /IMPLIB:"D:\Documents\Visual Studio 2010\Projects\bestline_v2\x64\Debug\bestline_v2.lib" /MACHINE:X64 x64\Debug\ABline.obj
         x64\Debug\autostiching.obj
         x64\Debug\auto_stitching.obj
         x64\Debug\bestline_v2.obj
         x64\Debug\bestline_v3.obj
         x64\Debug\mainfunc.obj
         x64\Debug\match.obj
         x64\Debug\stirching_v0.obj
         LINK : 没有找到 D:\Documents\Visual Studio 2010\Projects\bestline_v2\x64\Debug\bestline_v2.exe 或上一个增量链接没有生成它；正在执行完全链接
         bestline_v2.vcxproj -> D:\Documents\Visual Studio 2010\Projects\bestline_v2\x64\Debug\bestline_v2.exe
       Manifest:
         C:\Program Files (x86)\Microsoft SDKs\Windows\v7.0A\bin\mt.exe /nologo /verbose /outputresource:"D:\Documents\Visual Studio 2010\Projects\bestline_v2\x64\Debug\bestline_v2.exe;#1" /manifest x64\Debug\bestline_v2.exe.intermediate.manifest
       FinalizeBuildStatus:
         正在删除文件“x64\Debug\bestline_v2.unsuccessfulbuild”。
         正在对“x64\Debug\bestline_v2.lastbuildstate”执行 Touch 任务。
     1>已完成生成项目“D:\Documents\Visual Studio 2010\Projects\bestline_v2\bestline_v2\bestline_v2.vcxproj”(build 个目标)的操作。

生成成功。

已用时间 00:00:01.29
