生成启动时间为 2017/10/12 17:34:09。
     1>项目“D:\Documents\Visual Studio 2010\Projects\bestline_v2\bestline_v2\bestline_v2.vcxproj”在节点 2 上(rebuild 个目标)。
     1>_PrepareForClean:
         正在删除文件“Debug\bestline_v2.lastbuildstate”。
       InitializeBuildStatus:
         正在对“Debug\bestline_v2.unsuccessfulbuild”执行 Touch 任务。
       ClCompile:
         d:\程序\anzhuang\VC\bin\CL.exe /c /ZI /nologo /W3 /WX- /Od /Oy- /D _MBCS /Gm /EHsc /RTC1 /MDd /GS /fp:precise /Zc:wchar_t /Zc:forScope /Fo"Debug\\" /Fd"Debug\vc100.pdb" /Gd /TP /analyze- /errorReport:prompt bestline_v2.cpp
         bestline_v2.cpp
     1>d:\documents\visual studio 2010\projects\bestline_v2\bestline_v2\bestline_v2.cpp(81): warning C4244: “=”: 从“float”转换到“int”，可能丢失数据
     1>d:\documents\visual studio 2010\projects\bestline_v2\bestline_v2\bestline_v2.cpp(81): warning C4244: “=”: 从“float”转换到“int”，可能丢失数据
     1>d:\documents\visual studio 2010\projects\bestline_v2\bestline_v2\bestline_v2.cpp(81): warning C4244: “=”: 从“float”转换到“int”，可能丢失数据
     1>d:\documents\visual studio 2010\projects\bestline_v2\bestline_v2\bestline_v2.cpp(82): warning C4244: “=”: 从“float”转换到“int”，可能丢失数据
     1>d:\documents\visual studio 2010\projects\bestline_v2\bestline_v2\bestline_v2.cpp(82): warning C4244: “=”: 从“float”转换到“int”，可能丢失数据
     1>d:\documents\visual studio 2010\projects\bestline_v2\bestline_v2\bestline_v2.cpp(82): warning C4244: “=”: 从“float”转换到“int”，可能丢失数据
     1>d:\documents\visual studio 2010\projects\bestline_v2\bestline_v2\bestline_v2.cpp(85): warning C4244: “=”: 从“int”转换到“float”，可能丢失数据
     1>d:\documents\visual studio 2010\projects\bestline_v2\bestline_v2\bestline_v2.cpp(120): warning C4244: “=”: 从“float”转换到“int”，可能丢失数据
     1>d:\documents\visual studio 2010\projects\bestline_v2\bestline_v2\bestline_v2.cpp(120): warning C4244: “=”: 从“float”转换到“int”，可能丢失数据
     1>d:\documents\visual studio 2010\projects\bestline_v2\bestline_v2\bestline_v2.cpp(120): warning C4244: “=”: 从“float”转换到“int”，可能丢失数据
     1>d:\documents\visual studio 2010\projects\bestline_v2\bestline_v2\bestline_v2.cpp(121): warning C4244: “=”: 从“float”转换到“int”，可能丢失数据
     1>d:\documents\visual studio 2010\projects\bestline_v2\bestline_v2\bestline_v2.cpp(121): warning C4244: “=”: 从“float”转换到“int”，可能丢失数据
     1>d:\documents\visual studio 2010\projects\bestline_v2\bestline_v2\bestline_v2.cpp(121): warning C4244: “=”: 从“float”转换到“int”，可能丢失数据
     1>d:\documents\visual studio 2010\projects\bestline_v2\bestline_v2\bestline_v2.cpp(124): warning C4244: “=”: 从“int”转换到“float”，可能丢失数据
       Link:
         d:\程序\anzhuang\VC\bin\link.exe /ERRORREPORT:PROMPT /OUT:"D:\Documents\Visual Studio 2010\Projects\bestline_v2\Debug\bestline_v2.exe" /NOLOGO opencv_calib3d249.lib opencv_calib3d249d.lib opencv_contrib249.lib opencv_contrib249d.lib opencv_core249.lib opencv_core249d.lib opencv_features2d249.lib opencv_features2d249d.lib opencv_flann249.lib opencv_flann249d.lib opencv_gpu249.lib opencv_gpu249d.lib opencv_highgui249.lib opencv_highgui249d.lib opencv_imgproc249.lib opencv_imgproc249d.lib opencv_legacy249.lib opencv_legacy249d.lib opencv_ml249.lib opencv_ml249d.lib opencv_nonfree249.lib opencv_nonfree249d.lib opencv_objdetect249.lib opencv_objdetect249d.lib opencv_ocl249.lib opencv_ocl249d.lib opencv_photo249.lib opencv_photo249d.lib opencv_stitching249.lib opencv_stitching249d.lib opencv_superres249.lib opencv_superres249d.lib opencv_ts249.lib opencv_ts249d.lib opencv_video249.lib opencv_video249d.lib opencv_videostab249.lib opencv_videostab249d.lib kernel32.lib user32.lib gdi32.lib winspool.lib comdlg32.lib advapi32.lib shell32.lib ole32.lib oleaut32.lib uuid.lib odbc32.lib odbccp32.lib /MANIFEST /ManifestFile:"Debug\bestline_v2.exe.intermediate.manifest" /MANIFESTUAC:"level='asInvoker' uiAccess='false'" /DEBUG /PDB:"D:\Documents\Visual Studio 2010\Projects\bestline_v2\Debug\bestline_v2.pdb" /TLBID:1 /DYNAMICBASE /NXCOMPAT /IMPLIB:"D:\Documents\Visual Studio 2010\Projects\bestline_v2\Debug\bestline_v2.lib" /MACHINE:X86 Debug\bestline_v2.obj
     1>opencv_core249.lib(opencv_core249.dll) : fatal error LNK1112: 模块计算机类型“x64”与目标计算机类型“X86”冲突
     1>已完成生成项目“D:\Documents\Visual Studio 2010\Projects\bestline_v2\bestline_v2\bestline_v2.vcxproj”(rebuild 个目标)的操作 - 失败。

生成失败。

已用时间 00:00:00.88
